#
# There is insufficient memory for the Java Runtime Environment to continue.
# Native memory allocation (malloc) failed to allocate 1048576 bytes for AllocateHeap
# Possible reasons:
#   The system is out of physical RAM or swap space
#   In 32 bit mode, the process size limit was hit
# Possible solutions:
#   Reduce memory load on the system
#   Increase physical memory or swap space
#   Check if swap backing store is full
#   Use 64 bit Java on a 64 bit OS
#   Decrease Java heap size (-Xmx/-Xms)
#   Decrease number of Java threads
#   Decrease Java thread stack sizes (-Xss)
#   Set larger code cache with -XX:ReservedCodeCacheSize=
# This output file may be truncated or incomplete.
#
#  Out of Memory Error (memory/allocation.inline.hpp:61), pid=4808, tid=0x0000000000003ff4
#
# JRE version:  (8.0_151-b12) (build )
# Java VM: Java HotSpot(TM) 64-Bit Server VM (25.151-b12 mixed mode windows-amd64 compressed oops)
# Failed to write core dump. Minidumps are not enabled by default on client versions of Windows
#

---------------  T H R E A D  ---------------

Current thread (0x0000000003223800):  JavaThread "Unknown thread" [_thread_in_vm, id=16372, stack(0x0000000003020000,0x0000000003120000)]

Stack: [0x0000000003020000,0x0000000003120000]
[error occurred during error reporting (printing stack bounds), id 0xc0000005]

Native frames: (J=compiled Java code, j=interpreted, Vv=VM code, C=native code)


---------------  P R O C E S S  ---------------

Java Threads: ( => current thread )

Other Threads:

=>0x0000000003223800 (exited) JavaThread "Unknown thread" [_thread_in_vm, id=16372, stack(0x0000000003020000,0x0000000003120000)]

VM state:not at safepoint (normal execution)

VM Mutex/Monitor currently owned by a thread: None

Heap:
 PSYoungGen      total 38400K, used 665K [0x00000000d5e00000, 0x00000000d8880000, 0x0000000100000000)
  eden space 33280K, 2% used [0x00000000d5e00000,0x00000000d5ea6670,0x00000000d7e80000)
  from space 5120K, 0% used [0x00000000d8380000,0x00000000d8380000,0x00000000d8880000)
  to   space 5120K, 0% used [0x00000000d7e80000,0x00000000d7e80000,0x00000000d8380000)
 ParOldGen       total 87552K, used 0K [0x0000000081a00000, 0x0000000086f80000, 0x00000000d5e00000)
  object space 87552K, 0% used [0x0000000081a00000,0x0000000081a00000,0x0000000086f80000)
 Metaspace       used 770K, capacity 4480K, committed 4480K, reserved 1056768K
  class space    used 75K, capacity 384K, committed 384K, reserved 1048576K

Card table byte_map: [0x00000000126e0000,0x0000000012ae0000] byte_map_base: 0x00000000122d3000

Marking Bits: (ParMarkBitMap*) 0x000000006ca4d850
 Begin Bits: [0x0000000013590000, 0x0000000015528000)
 End Bits:   [0x0000000015528000, 0x00000000174c0000)

Polling page: 0x00000000014b0000

CodeCache: size=245760Kb used=328Kb max_used=328Kb free=245431Kb
 bounds [0x0000000003320000, 0x0000000003590000, 0x0000000012320000]
 total_blobs=58 nmethods=0 adapters=38
 compilation: enabled

Compilation events (0 events):
No events

GC Heap History (0 events):
No events

Deoptimization events (0 events):
No events

Internal exceptions (0 events):
No events

Events (10 events):
Event: 0.134 loading class java/lang/Short
Event: 0.134 loading class java/lang/Short done
Event: 0.134 loading class java/lang/Integer
Event: 0.135 loading class java/lang/Integer done
Event: 0.135 loading class java/lang/Long
Event: 0.135 loading class java/lang/Long done
Event: 0.136 loading class java/lang/NullPointerException
Event: 0.136 loading class java/lang/NullPointerException done
Event: 0.136 loading class java/lang/ArithmeticException
Event: 0.136 loading class java/lang/ArithmeticException done


Dynamic libraries:
0x00007ff7dfaf0000 - 0x00007ff7dfb27000 	C:\Program Files\Java\jdk1.8.0_151\bin\java.exe
0x00007ff9c7a70000 - 0x00007ff9c7c51000 	C:\WINDOWS\SYSTEM32\ntdll.dll
0x00007ff98bbf0000 - 0x00007ff98bc02000 	C:\Program Files (x86)\AVG\Antivirus\aswhook.dll
0x00007ff9c7270000 - 0x00007ff9c7321000 	C:\WINDOWS\System32\KERNEL32.DLL
0x00007ff9c3f80000 - 0x00007ff9c41f3000 	C:\WINDOWS\System32\KERNELBASE.dll
0x00007ff9c7920000 - 0x00007ff9c79c1000 	C:\WINDOWS\System32\ADVAPI32.dll
0x00007ff9c6ab0000 - 0x00007ff9c6b4e000 	C:\WINDOWS\System32\msvcrt.dll
0x00007ff9c7080000 - 0x00007ff9c70db000 	C:\WINDOWS\System32\sechost.dll
0x00007ff9c7330000 - 0x00007ff9c7454000 	C:\WINDOWS\System32\RPCRT4.dll
0x00007ff9c6920000 - 0x00007ff9c6ab0000 	C:\WINDOWS\System32\USER32.dll
0x00007ff9c3ec0000 - 0x00007ff9c3ee0000 	C:\WINDOWS\System32\win32u.dll
0x00007ff9c68e0000 - 0x00007ff9c6908000 	C:\WINDOWS\System32\GDI32.dll
0x00007ff9c4360000 - 0x00007ff9c44f2000 	C:\WINDOWS\System32\gdi32full.dll
0x00007ff9c3ee0000 - 0x00007ff9c3f7f000 	C:\WINDOWS\System32\msvcp_win.dll
0x00007ff9c4e00000 - 0x00007ff9c4ef8000 	C:\WINDOWS\System32\ucrtbase.dll
0x00007ff9ba760000 - 0x00007ff9ba9c9000 	C:\WINDOWS\WinSxS\amd64_microsoft.windows.common-controls_6595b64144ccf1df_6.0.17134.706_none_fb43a2cb30647007\COMCTL32.dll
0x00007ff9c6b50000 - 0x00007ff9c6e72000 	C:\WINDOWS\System32\combase.dll
0x00007ff9c3e40000 - 0x00007ff9c3eba000 	C:\WINDOWS\System32\bcryptPrimitives.dll
0x00007ff9c5090000 - 0x00007ff9c50bd000 	C:\WINDOWS\System32\IMM32.DLL
0x00007ff9c2d20000 - 0x00007ff9c2d56000 	C:\WINDOWS\system32\DriverStore\FileRepository\nvdmi.inf_amd64_4768f29e02a5c112\nvinitx.dll
0x00007ff9c2d10000 - 0x00007ff9c2d1a000 	C:\WINDOWS\SYSTEM32\VERSION.dll
0x00007ff9c51b0000 - 0x00007ff9c65f0000 	C:\WINDOWS\System32\Shell32.dll
0x00007ff9c4310000 - 0x00007ff9c4359000 	C:\WINDOWS\System32\cfgmgr32.dll
0x00007ff9c71c0000 - 0x00007ff9c7269000 	C:\WINDOWS\System32\shcore.dll
0x00007ff9c46f0000 - 0x00007ff9c4dfd000 	C:\WINDOWS\System32\windows.storage.dll
0x00007ff9c7020000 - 0x00007ff9c7071000 	C:\WINDOWS\System32\shlwapi.dll
0x00007ff9c3d90000 - 0x00007ff9c3da1000 	C:\WINDOWS\System32\kernel.appcore.dll
0x00007ff9c3e20000 - 0x00007ff9c3e3f000 	C:\WINDOWS\System32\profapi.dll
0x00007ff9c3db0000 - 0x00007ff9c3dfc000 	C:\WINDOWS\System32\powrprof.dll
0x00007ff9c3d80000 - 0x00007ff9c3d8a000 	C:\WINDOWS\System32\FLTLIB.DLL
0x000000006dff0000 - 0x000000006dff6000 	C:\Program Files\NVIDIA Corporation\CoProcManager\_etoured.dll
0x00007ff9bb6a0000 - 0x00007ff9bb6e3000 	C:\Program Files\NVIDIA Corporation\CoProcManager\nvd3d9wrapx.dll
0x00007ff9c74d0000 - 0x00007ff9c791b000 	C:\WINDOWS\System32\SETUPAPI.dll
0x00007ff9bdd80000 - 0x00007ff9bddad000 	C:\Program Files\NVIDIA Corporation\CoProcManager\nvdxgiwrapx.dll
0x000000006d400000 - 0x000000006d4d2000 	C:\Program Files\Java\jdk1.8.0_151\jre\bin\msvcr100.dll
0x000000006c230000 - 0x000000006cacd000 	C:\Program Files\Java\jdk1.8.0_151\jre\bin\server\jvm.dll
0x00007ff9c7460000 - 0x00007ff9c7468000 	C:\WINDOWS\System32\PSAPI.DLL
0x00007ff9b4d90000 - 0x00007ff9b4d99000 	C:\WINDOWS\SYSTEM32\WSOCK32.dll
0x00007ff9c79d0000 - 0x00007ff9c7a3c000 	C:\WINDOWS\System32\WS2_32.dll
0x00007ff9c1ba0000 - 0x00007ff9c1bc3000 	C:\WINDOWS\SYSTEM32\WINMM.dll
0x00007ff9c1b70000 - 0x00007ff9c1b9a000 	C:\WINDOWS\SYSTEM32\WINMMBASE.dll
0x000000006d3f0000 - 0x000000006d3ff000 	C:\Program Files\Java\jdk1.8.0_151\jre\bin\verify.dll
0x000000006d3c0000 - 0x000000006d3e9000 	C:\Program Files\Java\jdk1.8.0_151\jre\bin\java.dll
0x000000006d320000 - 0x000000006d343000 	C:\Program Files\Java\jdk1.8.0_151\jre\bin\instrument.dll
0x000000006d370000 - 0x000000006d386000 	C:\Program Files\Java\jdk1.8.0_151\jre\bin\zip.dll

VM Arguments:
jvm_args: -javaagent:C:\Program Files\JetBrains\IntelliJ IDEA 2018.3\lib\idea_rt.jar=56417:C:\Program Files\JetBrains\IntelliJ IDEA 2018.3\bin -Dfile.encoding=UTF-8 
java_command: CustomDashboard.Main
java_class_path (initial): C:\Program Files\Java\jdk1.8.0_151\jre\lib\charsets.jar;C:\Program Files\Java\jdk1.8.0_151\jre\lib\deploy.jar;C:\Program Files\Java\jdk1.8.0_151\jre\lib\ext\access-bridge-64.jar;C:\Program Files\Java\jdk1.8.0_151\jre\lib\ext\cldrdata.jar;C:\Program Files\Java\jdk1.8.0_151\jre\lib\ext\dnsns.jar;C:\Program Files\Java\jdk1.8.0_151\jre\lib\ext\jaccess.jar;C:\Program Files\Java\jdk1.8.0_151\jre\lib\ext\jfxrt.jar;C:\Program Files\Java\jdk1.8.0_151\jre\lib\ext\localedata.jar;C:\Program Files\Java\jdk1.8.0_151\jre\lib\ext\nashorn.jar;C:\Program Files\Java\jdk1.8.0_151\jre\lib\ext\sunec.jar;C:\Program Files\Java\jdk1.8.0_151\jre\lib\ext\sunjce_provider.jar;C:\Program Files\Java\jdk1.8.0_151\jre\lib\ext\sunmscapi.jar;C:\Program Files\Java\jdk1.8.0_151\jre\lib\ext\sunpkcs11.jar;C:\Program Files\Java\jdk1.8.0_151\jre\lib\ext\zipfs.jar;C:\Program Files\Java\jdk1.8.0_151\jre\lib\javaws.jar;C:\Program Files\Java\jdk1.8.0_151\jre\lib\jce.jar;C:\Program Files\Java\jdk1.8.0_151\jre\lib\jfr.jar;C:\Program Files\Java\jdk1.8.0_151\jre\lib\jfxswt.jar;C:\Program Files\Java\jdk1.8.0_151\jre\lib\jsse.jar;C:\Program Files\Java\jdk1.8.0_151\jre\lib\management-agent.jar;C:\Program Files\Java\jdk1.8.0_151\jre\lib\plugin.jar;C:\Program Files\Java\jdk1.8.0_151\jre\lib\resources.jar;C:\Program Files\Java\jdk1.8.0_151\jre\lib\rt.jar;C:\Users\joost\IdeaProjects\test2\out\production\test2;C:\Users\joost\Desktop\jfx9be-master\chap06\lib\fontawesomefx-8.9.jar;C:\Program Files\JetBrains\IntelliJ IDEA 2018.3\lib\idea_rt.jar
Launcher Type: SUN_STANDARD

Environment Variables:
JAVA_HOME=C:\Program Files\Java\jdk1.8.0_161
PATH=C:\ProgramData\Oracle\Java\javapath;C:\WINDOWS\system32;C:\WINDOWS;C:\WINDOWS\System32\Wbem;C:\WINDOWS\System32\WindowsPowerShell\v1.0\;C:\Users\joost\.dnx\bin;C:\Program Files\Microsoft DNX\Dnvm\;C:\Program Files\Microsoft SQL Server\130\Tools\Binn\;C:\Program Files (x86)\NVIDIA Corporation\PhysX\Common;C:\WINDOWS\SysWOW64\WindowsPowerShell\v1.0\Modules\TShell\TShell\;C:\Program Files (x86)\NetCDF4Excel;C:\Program Files\OpenVPN\bin;C:\Program Files\MySQL\MySQL Utilities 1.6\;C:\WINDOWS\system32;C:\WINDOWS;C:\WINDOWS\System32\Wbem;C:\WINDOWS\System32\WindowsPowerShell\v1.0\;C:\Program Files (x86)\GtkSharp\2.12\bin;C:\Program Files\dotnet\;C:\WINDOWS\System32\OpenSSH\;C:\Program Files\Microsoft SQL Server\Client SDK\ODBC\130\Tools\Binn\;C:\Program Files (x86)\Microsoft SQL Server\140\Tools\Binn\;C:\Program Files\Microsoft SQL Server\140\Tools\Binn\;C:\Program Files\Microsoft SQL Server\140\DTS\Binn\;C:\Program Files (x86)\Microsoft SQL Server\Client SDK\ODBC\130\Tools\Binn\;C:\Program Files (x86)\Microsoft SQL Server\140\DTS\Binn\;C:\Program Files (x86)\Microsoft SQL Server\140\Tools\Binn\ManagementStudio\;C:\Program Files\Microsoft VS Code\bin;C:\Program Files\nodejs\;C:\Program Files\Git\cmd;C:\Users\joost\AppData\Local\Programs\Python\Python36-32\Scripts\;C:\Users\joost\AppData\Local\Programs\Python\Python36-32\;C:\Users\joost\AppData\Local\Microsoft\WindowsApps;C:\Program Files\Microsoft VS Code\bin;C:\Program Files\Java\jdk1.8.0_161\bin;C:\Users\joost\AppData\Roaming\npm;C:\Program Files\nodejs\node_modules\npm\bin;C:\Users\joost\.dotnet\tools;C:\MinGW\bin;C:\Program Files\apache-maven-3.6.0\bin;C:\Users\joost\AppData\Local\JetBrains\IntelliJ IDEA Community Edition 2018.3.6\bin;C:\Users\joost\AppData\Local\GitHubDesktop\bin;C:\Program Files\JetBrains\IntelliJ IDEA 2018.3\bin;
USERNAME=joost
OS=Windows_NT
PROCESSOR_IDENTIFIER=Intel64 Family 6 Model 42 Stepping 7, GenuineIntel



---------------  S Y S T E M  ---------------

OS: Windows 10.0 , 64 bit Build 17134 (10.0.17134.706)

CPU:total 8 (initial active 8) (4 cores per cpu, 2 threads per core) family 6 model 42 stepping 7, cmov, cx8, fxsr, mmx, sse, sse2, sse3, ssse3, sse4.1, sse4.2, popcnt, avx, aes, clmul, ht, tsc, tscinvbit

Memory: 4k page, physical 8280232k(3025180k free), swap 20376132k(6072k free)

vm_info: Java HotSpot(TM) 64-Bit Server VM (25.151-b12) for windows-amd64 JRE (1.8.0_151-b12), built on Sep  5 2017 19:33:46 by "java_re" with MS VC++ 10.0 (VS2010)

time: Sun Apr 21 19:41:56 2019
elapsed time: 0 seconds (0d 0h 0m 0s)

